
> enes.codes@0.1.0 build
> next build

▲ Next.js 16.1.6 (Turbopack)

  Creating an optimized production build ...

> Build error occurred
Error: Turbopack build failed with 2 errors:
./engine/kernel/terminalKernel.ts:124:1
Parsing ecmascript source code failed
[0m [90m 122 |[39m   } [36mcatch[39m (error) {
 [90m 123 |[39m     [36mconst[39m errorMessage [33m=[39m error [36minstanceof[39m [33mError[39m [33m?[39m error[33m.[39mmessage [33m:[39m [33mString[39m(error)[33m;[39m
[31m[1m>[22m[39m[90m 124 |[39m [36mexport[39m [36mfunction[39m resetKernel() {
 [90m     |[39m [31m[1m^[22m[39m[31m[1m^[22m[39m[31m[1m^[22m[39m[31m[1m^[22m[39m[31m[1m^[22m[39m[31m[1m^[22m[39m
 [90m 125 |[39m   activeInteractiveMode [33m=[39m [36mnull[39m[33m;[39m
 [90m 126 |[39m   interactiveModeHandler [33m=[39m [36mnull[39m[33m;[39m
 [90m 127 |[39m }[0m

'import', and 'export' cannot be used outside of module code

Import trace:
  Client Component Browser:
    ./engine/kernel/terminalKernel.ts [Client Component Browser]
    ./components/Shell.tsx [Client Component Browser]
    ./components/AvatarShell.tsx [Client Component Browser]
    ./components/panels/HomePanel.tsx [Client Component Browser]
    ./app/page.tsx [Client Component Browser]
    ./app/page.tsx [Server Component]


./engine/plugins/systemPlugin.ts:307:1
Parsing ecmascript source code failed
[0m [90m 305 |[39m     ])[33m;[39m
 [90m 306 |[39m   }[33m,[39m { scope[33m:[39m [32m"engineer"[39m })[33m;[39m
[31m[1m>[22m[39m[90m 307 |[39m
 [90m     |[39m [31m[1m^[22m[39m[0m

Expected '}', got '<eof>'

Import trace:
  Client Component Browser:
    ./engine/plugins/systemPlugin.ts [Client Component Browser]
    ./engine/plugins/pluginLoader.ts [Client Component Browser]
    ./components/Shell.tsx [Client Component Browser]
    ./components/AvatarShell.tsx [Client Component Browser]
    ./components/panels/HomePanel.tsx [Client Component Browser]
    ./app/page.tsx [Client Component Browser]
    ./app/page.tsx [Server Component]


    at <unknown> (./engine/kernel/terminalKernel.ts:124:1)
    at <unknown> (./engine/plugins/systemPlugin.ts:307:1)
